Info: Start Nativelink Simulation process

========= EDA Simulation Settings =====================

Sim Mode              :  Gate
Family                :  cycloneii
Quartus root          :  d:/altera/13.0sp1/quartus/bin64/
Quartus sim root      :  d:/altera/13.0sp1/quartus/eda/sim_lib
Simulation Tool       :  modelsim-altera
Simulation Language   :  verilog
Simulation Mode       :  GUI
Sim Output File       :  TopLevelCPU_tb.vo
Sim SDF file          :  TopLevelCPU_tb__verilog.sdo
Sim dir               :  simulation\modelsim

=======================================================

Info: Starting NativeLink simulation with ModelSim-Altera software
Sourced NativeLink script d:/altera/13.0sp1/quartus/common/tcl/internal/nativelink/modelsim.tcl
Warning: File TopLevelCPU_tb_run_msim_gate_verilog.do already exists - backing up current file as TopLevelCPU_tb_run_msim_gate_verilog.do.bak11
Probing transcript
ModelSim-Altera Info: # Reading D:/altera/13.0sp1/modelsim_ase/tcl/vsim/pref.tcl 
ModelSim-Altera Info: # do TopLevelCPU_tb_run_msim_gate_verilog.do 
ModelSim-Altera Info: # if {[file exists gate_work]} {
ModelSim-Altera Info: # 	vdel -lib gate_work -all
ModelSim-Altera Info: # }
ModelSim-Altera Info: # vlib gate_work
ModelSim-Altera Info: # vmap work gate_work
ModelSim-Altera Info: # Copying D:\altera\13.0sp1\modelsim_ase\win32aloem/../modelsim.ini to modelsim.ini
ModelSim-Altera Info: # Modifying modelsim.ini
ModelSim-Altera Warning: # ** Warning: Copied D:\altera\13.0sp1\modelsim_ase\win32aloem/../modelsim.ini to modelsim.ini.
ModelSim-Altera Info: #          Updated modelsim.ini.
ModelSim-Altera Info: # 
ModelSim-Altera Info: # vlog -vlog01compat -work work +incdir+. {TopLevelCPU_tb.vo}
ModelSim-Altera Info: # Model Technology ModelSim ALTERA vlog 10.1d Compiler 2012.11 Nov  2 2012
ModelSim-Altera Info: # -- Compiling module TopLevelCPU
ModelSim-Altera Info: # 
ModelSim-Altera Info: # Top level modules:
ModelSim-Altera Info: # 	TopLevelCPU
ModelSim-Altera Info: # 
ModelSim-Altera Info: # ** Note: (vish-4074) File D:/T_T_T/vsim.wlf is still open, viewing file in live viewing mode.
ModelSim-Altera Info: 
ModelSim-Altera Info: # 
Info: NativeLink simulation flow was successful
